2019-09-03 21:24:28.406  INFO 15512 --- [restartedMain] c.c.community.CommunityApplication       : Starting CommunityApplication on DESKTOP-IQ6VQU8 with PID 15512 (G:\myziyuzile\community\target\classes started by jealousy in G:\myziyuzile\community)
2019-09-03 21:24:28.407  INFO 15512 --- [restartedMain] c.c.community.CommunityApplication       : No active profile set, falling back to default profiles: default
2019-09-03 21:24:29.398  INFO 15512 --- [restartedMain] o.s.b.w.embedded.tomcat.TomcatWebServer  : Tomcat initialized with port(s): 8888 (http)
2019-09-03 21:24:29.400  INFO 15512 --- [restartedMain] o.apache.catalina.core.StandardService   : Starting service [Tomcat]
2019-09-03 21:24:29.400  INFO 15512 --- [restartedMain] org.apache.catalina.core.StandardEngine  : Starting Servlet engine: [Apache Tomcat/9.0.21]
2019-09-03 21:24:29.440  INFO 15512 --- [restartedMain] o.a.c.c.C.[Tomcat].[localhost].[/]       : Initializing Spring embedded WebApplicationContext
2019-09-03 21:24:29.440  INFO 15512 --- [restartedMain] o.s.web.context.ContextLoader            : Root WebApplicationContext: initialization completed in 1028 ms
2019-09-03 21:24:29.739  INFO 15512 --- [restartedMain] o.s.s.concurrent.ThreadPoolTaskExecutor  : Initializing ExecutorService 'applicationTaskExecutor'
2019-09-03 21:24:29.843  INFO 15512 --- [restartedMain] o.s.b.a.w.s.WelcomePageHandlerMapping    : Adding welcome page template: index
2019-09-03 21:24:30.093  INFO 15512 --- [restartedMain] o.s.b.d.a.OptionalLiveReloadServer       : LiveReload server is running on port 35729
2019-09-03 21:24:30.153  INFO 15512 --- [restartedMain] o.s.b.w.embedded.tomcat.TomcatWebServer  : Tomcat started on port(s): 8888 (http) with context path ''
2019-09-03 21:24:30.154  INFO 15512 --- [restartedMain] c.c.community.CommunityApplication       : Started CommunityApplication in 1.923 seconds (JVM running for 2660.207)
2019-09-03 21:24:30.158  INFO 15512 --- [restartedMain] .ConditionEvaluationDeltaLoggingListener : Condition evaluation unchanged
2019-09-03 21:24:30.402  INFO 15512 --- [http-nio-8888-exec-1] o.a.c.c.C.[Tomcat].[localhost].[/]       : Initializing Spring DispatcherServlet 'dispatcherServlet'
2019-09-03 21:24:30.404  INFO 15512 --- [http-nio-8888-exec-1] o.s.web.servlet.DispatcherServlet        : Initializing Servlet 'dispatcherServlet'
2019-09-03 21:24:30.408  INFO 15512 --- [http-nio-8888-exec-1] o.s.web.servlet.DispatcherServlet        : Completed initialization in 4 ms
2019-09-03 21:24:30.415  INFO 15512 --- [http-nio-8888-exec-1] com.zaxxer.hikari.HikariDataSource       : HikariPool-3 - Starting...
2019-09-03 21:24:30.478  INFO 15512 --- [http-nio-8888-exec-1] com.zaxxer.hikari.HikariDataSource       : HikariPool-3 - Start completed.
2019-09-03 21:24:42.999  INFO 15512 --- [Thread-36] o.s.s.concurrent.ThreadPoolTaskExecutor  : Shutting down ExecutorService 'applicationTaskExecutor'
2019-09-03 21:24:43.000  INFO 15512 --- [Thread-36] com.zaxxer.hikari.HikariDataSource       : HikariPool-3 - Shutdown initiated...
2019-09-03 21:24:43.010  INFO 15512 --- [Thread-36] com.zaxxer.hikari.HikariDataSource       : HikariPool-3 - Shutdown completed.
