2019-09-03 21:24:44.452  INFO 15512 --- [restartedMain] c.c.community.CommunityApplication       : Starting CommunityApplication on DESKTOP-IQ6VQU8 with PID 15512 (G:\myziyuzile\community\target\classes started by jealousy in G:\myziyuzile\community)
2019-09-03 21:24:44.452  INFO 15512 --- [restartedMain] c.c.community.CommunityApplication       : No active profile set, falling back to default profiles: default
2019-09-03 21:24:45.186  INFO 15512 --- [restartedMain] o.s.b.w.embedded.tomcat.TomcatWebServer  : Tomcat initialized with port(s): 8888 (http)
2019-09-03 21:24:45.187  INFO 15512 --- [restartedMain] o.apache.catalina.core.StandardService   : Starting service [Tomcat]
2019-09-03 21:24:45.187  INFO 15512 --- [restartedMain] org.apache.catalina.core.StandardEngine  : Starting Servlet engine: [Apache Tomcat/9.0.21]
2019-09-03 21:24:45.272  INFO 15512 --- [restartedMain] o.a.c.c.C.[Tomcat].[localhost].[/]       : Initializing Spring embedded WebApplicationContext
2019-09-03 21:24:45.272  INFO 15512 --- [restartedMain] o.s.web.context.ContextLoader            : Root WebApplicationContext: initialization completed in 816 ms
2019-09-03 21:24:45.665  INFO 15512 --- [restartedMain] o.s.s.concurrent.ThreadPoolTaskExecutor  : Initializing ExecutorService 'applicationTaskExecutor'
2019-09-03 21:24:45.765  INFO 15512 --- [restartedMain] o.s.b.a.w.s.WelcomePageHandlerMapping    : Adding welcome page template: index
2019-09-03 21:24:46.037  INFO 15512 --- [restartedMain] o.s.b.d.a.OptionalLiveReloadServer       : LiveReload server is running on port 35729
2019-09-03 21:24:46.085  INFO 15512 --- [restartedMain] o.s.b.w.embedded.tomcat.TomcatWebServer  : Tomcat started on port(s): 8888 (http) with context path ''
2019-09-03 21:24:46.086  INFO 15512 --- [restartedMain] c.c.community.CommunityApplication       : Started CommunityApplication in 1.681 seconds (JVM running for 2676.14)
2019-09-03 21:24:46.090  INFO 15512 --- [restartedMain] .ConditionEvaluationDeltaLoggingListener : Condition evaluation unchanged
2019-09-03 21:24:46.327  INFO 15512 --- [http-nio-8888-exec-3] o.a.c.c.C.[Tomcat].[localhost].[/]       : Initializing Spring DispatcherServlet 'dispatcherServlet'
2019-09-03 21:24:46.329  INFO 15512 --- [http-nio-8888-exec-3] o.s.web.servlet.DispatcherServlet        : Initializing Servlet 'dispatcherServlet'
2019-09-03 21:24:46.331  INFO 15512 --- [http-nio-8888-exec-3] o.s.web.servlet.DispatcherServlet        : Completed initialization in 2 ms
2019-09-03 21:24:46.335  INFO 15512 --- [http-nio-8888-exec-3] com.zaxxer.hikari.HikariDataSource       : HikariPool-4 - Starting...
2019-09-03 21:24:46.357  INFO 15512 --- [http-nio-8888-exec-3] com.zaxxer.hikari.HikariDataSource       : HikariPool-4 - Start completed.
2019-09-03 21:26:23.984  INFO 15512 --- [Thread-43] o.s.s.concurrent.ThreadPoolTaskExecutor  : Shutting down ExecutorService 'applicationTaskExecutor'
2019-09-03 21:26:23.985  INFO 15512 --- [Thread-43] com.zaxxer.hikari.HikariDataSource       : HikariPool-4 - Shutdown initiated...
2019-09-03 21:26:24.000  INFO 15512 --- [Thread-43] com.zaxxer.hikari.HikariDataSource       : HikariPool-4 - Shutdown completed.
